<?xml version="1.0" encoding="UTF-8"?>
<!-- Generated by org.testng.reporters.JUnitXMLReporter -->
<testsuite ignored="0" hostname="HP" failures="0" tests="2" name="FirefoxTest" time="0.661" errors="0" timestamp="2026-04-05T22:48:38 IST">
  <testcase classname="tests.LoginTest" name="loginTest" time="0.0">
    <skipped/>
  </testcase> <!-- loginTest -->
  <testcase classname="tests.DashboardTest" name="dashboardValidation" time="0.0">
    <skipped/>
  </testcase> <!-- dashboardValidation -->
</testsuite> <!-- FirefoxTest -->
